(warn) 14-Nov-2021 02:24:59 => Nothing to pause/unpause
(warn) 14-Nov-2021 02:26:02 => Failed to play "D:\flps\AudioExports\In My Room - TiaCorine Remix Nightcore.wav"
(warn) 14-Nov-2021 02:42:08 => Nothing to pause/unpause
(warn) 14-Nov-2021 02:42:09 => Nothing to pause/unpause
(warn) 14-Nov-2021 18:45:27 => Nothing to pause/unpause
(warn) 14-Nov-2021 18:45:27 => Nothing to pause/unpause
(warn) 14-Nov-2021 18:48:15 => Failed to play "D:\flps\AudioExports\Something Has To Change - The Japanese House - [Nightcore].wav"
(warn) 14-Nov-2021 18:53:07 => Nothing to pause/unpause
(warn) 14-Nov-2021 18:53:40 => Nothing to pause/unpause
(warn) 14-Nov-2021 18:53:50 => No song playing, no file selected to open
(warn) 14-Nov-2021 18:54:30 => No song playing, no file selected to open
(warn) 14-Nov-2021 19:03:15 => Nothing to pause/unpause
(warn) 14-Nov-2021 19:03:15 => Nothing to pause/unpause
(warn) 14-Nov-2021 19:12:19 => Nothing to pause/unpause
(warn) 14-Nov-2021 19:12:20 => Nothing to pause/unpause
(warn) 14-Nov-2021 19:14:22 => Failed to play "C:\Users\Vivo Jay\Documents\Image-Line\FL Studio\Audio\Sliced audio\WET COMPUTER_2.wav"
(warn) 14-Nov-2021 19:19:57 => Failed to play "C:\Users\Vivo Jay\Documents\Image-Line\FL Studio\Audio\Sliced audio\[RN] Tears - Kick_3.wav"
(warn) 14-Nov-2021 19:20:00 => Failed to play "C:\Users\Vivo Jay\Documents\Image-Line\FL Studio\Audio\Sliced audio\[RN] Tears - Kick_2.wav"
(warn) 14-Nov-2021 19:21:06 => Nothing to pause/unpause
(warn) 14-Nov-2021 19:21:51 => Failed to play "C:\Users\Vivo Jay\Documents\Image-Line\FL Studio\Audio\Sliced audio\[RN] Tears - Kick_3.wav"
(warn) 14-Nov-2021 19:21:58 => Failed to play "C:\Users\Vivo Jay\Documents\Image-Line\FL Studio\Audio\Sliced audio\[RN] Tears - Kick_3.wav"
(warn) 14-Nov-2021 19:22:00 => Out of range
(warn) 14-Nov-2021 19:24:26 => Out of range
(warn) 14-Nov-2021 19:24:27 => Out of range
(warn) 14-Nov-2021 19:24:42 => Failed to play "C:\Users\Vivo Jay\Documents\Image-Line\FL Studio\Audio\Sliced audio\[RN] Tears - Kick_2.wav"
(warn) 14-Nov-2021 19:24:44 => Failed to play "C:\Users\Vivo Jay\Documents\Image-Line\FL Studio\Audio\Sliced audio\[RN] Tears - Kick_3.wav"
(warn) 14-Nov-2021 19:24:45 => Out of range
(warn) 14-Nov-2021 19:27:22 => Failed to play "C:\Users\Vivo Jay\Documents\Image-Line\FL Studio\Audio\Sliced audio\Ting_4.wav"
(warn) 14-Nov-2021 19:47:48 => Failed to play "C:\Users\Vivo Jay\Documents\Image-Line\FL Studio\Audio\Sliced audio\107 BPM (Ab Maj) - Ciara - Overdose_2.wav"
(warn) 14-Nov-2021 19:47:50 => Failed to play "C:\Users\Vivo Jay\Documents\Image-Line\FL Studio\Audio\Sliced audio\125 BPM - Make Me_Master_2.wav"
(warn) 14-Nov-2021 19:47:53 => Failed to play "C:\Users\Vivo Jay\Documents\Image-Line\FL Studio\Audio\Sliced audio\140 BPM G# 003_2.wav"
(warn) 14-Nov-2021 19:47:56 => Failed to play "C:\Users\Vivo Jay\Documents\Image-Line\FL Studio\Audio\Sliced audio\140 BPM G# 003_3.wav"
(warn) 14-Nov-2021 19:47:57 => Failed to play "C:\Users\Vivo Jay\Documents\Image-Line\FL Studio\Audio\Sliced audio\140 BPM G# 003_4.wav"
(warn) 14-Nov-2021 19:47:59 => Failed to play "C:\Users\Vivo Jay\Documents\Image-Line\FL Studio\Audio\Sliced audio\140 BPM G# 003_5.wav"
(warn) 14-Nov-2021 19:47:59 => Failed to play "C:\Users\Vivo Jay\Documents\Image-Line\FL Studio\Audio\Sliced audio\147 BPM - Fleeko_2.wav"
(warn) 14-Nov-2021 19:48:00 => Failed to play "C:\Users\Vivo Jay\Documents\Image-Line\FL Studio\Audio\Sliced audio\18 DARK STAR METAL_A3OGG_2.wav"
(warn) 14-Nov-2021 19:48:13 => Failed to play "C:\Users\Vivo Jay\Documents\Image-Line\FL Studio\Audio\Sliced audio\Alley One-Word 6 Wet - 115bpm Cmin - Me_2.wav"
(warn) 14-Nov-2021 19:48:14 => Failed to play "C:\Users\Vivo Jay\Documents\Image-Line\FL Studio\Audio\Sliced audio\Alley One-Word 6 Wet - 115bpm Cmin - Me_3.wav"
(warn) 14-Nov-2021 19:48:17 => Failed to play "C:\Users\Vivo Jay\Documents\Image-Line\FL Studio\Audio\Sliced audio\ambient2_2.wav"
(warn) 14-Nov-2021 19:48:18 => Failed to play "C:\Users\Vivo Jay\Documents\Image-Line\FL Studio\Audio\Sliced audio\AUX - 18 - GuitarLoop -  Key - D - Personally - 128 BPM_2.wav"
(warn) 14-Nov-2021 19:48:19 => Failed to play "C:\Users\Vivo Jay\Documents\Image-Line\FL Studio\Audio\Sliced audio\AUX - 5 - GuitarLoop - Key - E - Whatever - 137 BPM_2.wav"
(warn) 14-Nov-2021 19:48:20 => Failed to play "C:\Users\Vivo Jay\Documents\Image-Line\FL Studio\Audio\Sliced audio\Babooshka - 2021-Sep-08_2.wav"
(warn) 14-Nov-2021 19:48:22 => Failed to play "C:\Users\Vivo Jay\Documents\Image-Line\FL Studio\Audio\Sliced audio\Babooshka - 2021-Sep-08_3.wav"
(warn) 14-Nov-2021 19:48:24 => Failed to play "C:\Users\Vivo Jay\Documents\Image-Line\FL Studio\Audio\Sliced audio\Pencil_6.wav"
(warn) 14-Nov-2021 19:48:26 => Failed to play "C:\Users\Vivo Jay\Documents\Image-Line\FL Studio\Audio\Sliced audio\Baby 2 - Tempo 120.0_2.wav"
(warn) 14-Nov-2021 19:48:50 => Failed to play "C:\Users\Vivo Jay\Documents\Image-Line\FL Studio\Audio\Sliced audio\baby i'm bleeding sample (cool like ice hot like fire - taste of dream)_3.wav"
(warn) 14-Nov-2021 19:48:51 => Failed to play "C:\Users\Vivo Jay\Documents\Image-Line\FL Studio\Audio\Sliced audio\baby i'm bleeding sample (cool like ice hot like fire - taste of dream)_4.wav"
(warn) 14-Nov-2021 19:48:52 => Failed to play "C:\Users\Vivo Jay\Documents\Image-Line\FL Studio\Audio\Sliced audio\baby i'm bleeding sample (cool like ice hot like fire - taste of dream)_5.wav"
(warn) 14-Nov-2021 19:48:58 => Failed to play "C:\Users\Vivo Jay\Documents\Image-Line\FL Studio\Audio\Sliced audio\Bass - Reverse_2.wav"
(warn) 14-Nov-2021 19:49:00 => Failed to play "C:\Users\Vivo Jay\Documents\Image-Line\FL Studio\Audio\Sliced audio\Bass - Reverse_3.wav"
(warn) 14-Nov-2021 19:49:00 => Failed to play "C:\Users\Vivo Jay\Documents\Image-Line\FL Studio\Audio\Sliced audio\Bass - Reverse_4.wav"
(warn) 14-Nov-2021 19:49:02 => Failed to play "C:\Users\Vivo Jay\Documents\Image-Line\FL Studio\Audio\Sliced audio\Bass - Reverse_5.wav"
(warn) 14-Nov-2021 19:49:02 => Failed to play "C:\Users\Vivo Jay\Documents\Image-Line\FL Studio\Audio\Sliced audio\Bass - Reverse_6.wav"
(warn) 14-Nov-2021 19:49:05 => Failed to play "C:\Users\Vivo Jay\Documents\Image-Line\FL Studio\Audio\Sliced audio\BAYLI_-_sushi_for_breakfast_lyric_visualizer_vocals_3.wav"
(warn) 14-Nov-2021 19:49:06 => Failed to play "C:\Users\Vivo Jay\Documents\Image-Line\FL Studio\Audio\Sliced audio\BAYLI_-_sushi_for_breakfast_lyric_visualizer_vocals_4.wav"
(warn) 14-Nov-2021 19:49:07 => Failed to play "C:\Users\Vivo Jay\Documents\Image-Line\FL Studio\Audio\Sliced audio\Bell - Eve_2.wav"
(warn) 14-Nov-2021 19:49:08 => Failed to play "C:\Users\Vivo Jay\Documents\Image-Line\FL Studio\Audio\Sliced audio\Bell - Eve_2.wav"
(warn) 14-Nov-2021 19:49:09 => Failed to play "C:\Users\Vivo Jay\Documents\Image-Line\FL Studio\Audio\Sliced audio\Bell - Eve_3 - Part_1.wav"
(warn) 14-Nov-2021 19:49:11 => Failed to play "C:\Users\Vivo Jay\Documents\Image-Line\FL Studio\Audio\Sliced audio\Bell - Eve_3.wav"
(warn) 14-Nov-2021 19:49:11 => Failed to play "C:\Users\Vivo Jay\Documents\Image-Line\FL Studio\Audio\Sliced audio\Bell - Eve_4.wav"
(warn) 14-Nov-2021 19:49:12 => Failed to play "C:\Users\Vivo Jay\Documents\Image-Line\FL Studio\Audio\Sliced audio\Bell - Eve_4.wav"
(warn) 14-Nov-2021 19:49:14 => Failed to play "C:\Users\Vivo Jay\Documents\Image-Line\FL Studio\Audio\Sliced audio\Bell - Eve_5.wav"
(warn) 14-Nov-2021 19:49:15 => Failed to play "C:\Users\Vivo Jay\Documents\Image-Line\FL Studio\Audio\Sliced audio\Bell - Eve_6.wav"
(warn) 14-Nov-2021 19:49:16 => Failed to play "C:\Users\Vivo Jay\Documents\Image-Line\FL Studio\Audio\Sliced audio\Bell - Eve_7.wav"
(warn) 14-Nov-2021 19:49:19 => Failed to play "C:\Users\Vivo Jay\Documents\Image-Line\FL Studio\Audio\Sliced audio\Break Kick_2.wav"
(warn) 14-Nov-2021 19:49:24 => Failed to play "C:\Users\Vivo Jay\Documents\Image-Line\FL Studio\Audio\Sliced audio\Bright Colors - Jaja Bu_3.wav"
(warn) 14-Nov-2021 19:49:34 => Failed to play "C:\Users\Vivo Jay\Documents\Image-Line\FL Studio\Audio\Sliced audio\BWB 5 Kick Live (3)_2.wav"
(warn) 14-Nov-2021 19:49:42 => Failed to play "C:\Users\Vivo Jay\Documents\Image-Line\FL Studio\Audio\Sliced audio\Chapter 1_3.wav"
(warn) 14-Nov-2021 19:49:46 => Out of range
(warn) 14-Nov-2021 19:49:48 => Failed to play "C:\Users\Vivo Jay\Documents\Image-Line\FL Studio\Audio\Sliced audio\Clap 010 Fun_2.wav"
(warn) 14-Nov-2021 19:49:49 => Failed to play "C:\Users\Vivo Jay\Documents\Image-Line\FL Studio\Audio\Sliced audio\Clap 010 Fun_3.wav"
(warn) 14-Nov-2021 19:49:50 => Failed to play "C:\Users\Vivo Jay\Documents\Image-Line\FL Studio\Audio\Sliced audio\Clap 017 Clap Snare_2.wav"
(warn) 14-Nov-2021 19:49:50 => Failed to play "C:\Users\Vivo Jay\Documents\Image-Line\FL Studio\Audio\Sliced audio\Come on 2 - Tempo 120.0_2.wav"
(warn) 14-Nov-2021 19:49:51 => Failed to play "C:\Users\Vivo Jay\Documents\Image-Line\FL Studio\Audio\Sliced audio\Cowbell 02 - Serpentine Fire_2.wav"
(warn) 14-Nov-2021 19:49:53 => Failed to play "C:\Users\Vivo Jay\Documents\Image-Line\FL Studio\Audio\Sliced audio\Cymatics - 50k Trap Snare 1_3.wav"
(warn) 14-Nov-2021 19:49:54 => Failed to play "C:\Users\Vivo Jay\Documents\Image-Line\FL Studio\Audio\Sliced audio\Cymatics - Blame - Main Vocal Wet - 100 BPM G Min_2.wav"
(warn) 14-Nov-2021 19:49:55 => Failed to play "C:\Users\Vivo Jay\Documents\Image-Line\FL Studio\Audio\Sliced audio\Cymatics - Blame - Main Vocal Wet - 100 BPM G Min_3.wav"
(warn) 14-Nov-2021 19:49:57 => Failed to play "C:\Users\Vivo Jay\Documents\Image-Line\FL Studio\Audio\Sliced audio\140 BPM G# 003_4.wav"
(warn) 14-Nov-2021 19:49:58 => Failed to play "C:\Users\Vivo Jay\Documents\Image-Line\FL Studio\Audio\Sliced audio\Cymatics - Deluxe Lofi Vocal Chop 6 - 80 BPM B Maj_2.wav"
(warn) 14-Nov-2021 19:50:01 => Failed to play "C:\Users\Vivo Jay\Documents\Image-Line\FL Studio\Audio\Sliced audio\Cymatics - Deluxe Lofi Vocal Chop 6 - 80 BPM B Maj_3.wav"
(warn) 14-Nov-2021 19:50:07 => Failed to play "C:\Users\Vivo Jay\Documents\Image-Line\FL Studio\Audio\Sliced audio\140 BPM G# 003_5.wav"
(warn) 14-Nov-2021 19:50:14 => Failed to play "C:\Users\Vivo Jay\Documents\Image-Line\FL Studio\Audio\Sliced audio\Cymatics - Deluxe Predrop Processed 12 - Back Break - 145 BPM_2.wav"
(warn) 14-Nov-2021 19:50:15 => Failed to play "C:\Users\Vivo Jay\Documents\Image-Line\FL Studio\Audio\Sliced audio\Cymatics - Dragon Dark Loop - Purple Skies - 160 BPM C# Min_2.wav"
(warn) 14-Nov-2021 19:50:16 => Failed to play "C:\Users\Vivo Jay\Documents\Image-Line\FL Studio\Audio\Sliced audio\Cymatics - Dragon Ethnic Loop - Wartime - 101 BPM E Min_2.wav"
(warn) 14-Nov-2021 19:50:17 => Failed to play "C:\Users\Vivo Jay\Documents\Image-Line\FL Studio\Audio\Sliced audio\Cymatics - Dragon Happy Loop - NASA - 142 BPM C# Min_2.wav"
(warn) 14-Nov-2021 19:50:18 => Failed to play "C:\Users\Vivo Jay\Documents\Image-Line\FL Studio\Audio\Sliced audio\Cymatics - Dragon RNB Loop - Sunbeams - 85 BPM C Min_2.wav"
(warn) 14-Nov-2021 19:50:19 => Failed to play "C:\Users\Vivo Jay\Documents\Image-Line\FL Studio\Audio\Sliced audio\Cymatics - Dragon RNB Loop - Sunbeams - 85 BPM C Min_3.wav"
(warn) 14-Nov-2021 19:50:20 => Failed to play "C:\Users\Vivo Jay\Documents\Image-Line\FL Studio\Audio\Sliced audio\Cymatics - Dragon RNB Loop - Sunbeams - 85 BPM C Min_4.wav"
(warn) 14-Nov-2021 19:50:21 => Failed to play "C:\Users\Vivo Jay\Documents\Image-Line\FL Studio\Audio\Sliced audio\Cymatics - Dragon RNB Loop - Sunbeams - 85 BPM C Min_5.wav"
(warn) 14-Nov-2021 19:50:22 => Failed to play "C:\Users\Vivo Jay\Documents\Image-Line\FL Studio\Audio\Sliced audio\Cymatics - Eternity Electric Guitar Wet 2 - 75 BPM C# Min_2.wav"
(warn) 14-Nov-2021 19:50:23 => Failed to play "C:\Users\Vivo Jay\Documents\Image-Line\FL Studio\Audio\Sliced audio\Cymatics - Eternity Harp Loop Wet 5 - 85 BPM G# Min_2.wav"
(warn) 14-Nov-2021 19:50:46 => Failed to play "C:\Users\Vivo Jay\Documents\Image-Line\FL Studio\Audio\Sliced audio\Cymatics - Eternity Harp Loop Wet 5 - 85 BPM G# Min_2.wav"
(warn) 14-Nov-2021 19:56:12 => Failed to play "C:\Users\Vivo Jay\Documents\Image-Line\FL Studio\Audio\Sliced audio\Cymatics - Euphoria Ad Lib Wet 23 - 160 BPM C# Min_2.wav"
(warn) 14-Nov-2021 19:56:13 => Failed to play "C:\Users\Vivo Jay\Documents\Image-Line\FL Studio\Audio\Sliced audio\Cymatics - Euphoria Dry One Shot 5 - D#_2.wav"
(warn) 14-Nov-2021 19:56:14 => Failed to play "C:\Users\Vivo Jay\Documents\Image-Line\FL Studio\Audio\Sliced audio\Cymatics - Oracle Dark Melody Loop 2 - 105 BPM F# Min_2.wav"
(warn) 14-Nov-2021 19:56:15 => Failed to play "C:\Users\Vivo Jay\Documents\Image-Line\FL Studio\Audio\Sliced audio\Cymatics - Oracle R&B Melody Loop 4 - 130 BPM A Min_2.wav"
(warn) 14-Nov-2021 19:56:25 => Failed to play "C:\Users\Vivo Jay\Documents\Image-Line\FL Studio\Audio\Sliced audio\Cymatics - Terror Bass D 007_2.wav"
(warn) 14-Nov-2021 19:56:26 => Failed to play "C:\Users\Vivo Jay\Documents\Image-Line\FL Studio\Audio\Sliced audio\Cymatics - Terror Bass D 007_2.wav"
(warn) 14-Nov-2021 19:56:30 => Failed to play "C:\Users\Vivo Jay\Documents\Image-Line\FL Studio\Audio\Sliced audio\Cymatics - Terror Synth Loop E  - 005_2.wav"
(warn) 14-Nov-2021 19:56:32 => Failed to play "C:\Users\Vivo Jay\Documents\Image-Line\FL Studio\Audio\Sliced audio\Cymatics - Time - Lead Vocal Wet - 160 BPM B Min - Part_2 - Part_1.wav"
(warn) 14-Nov-2021 19:56:35 => Failed to play "C:\Users\Vivo Jay\Documents\Image-Line\FL Studio\Audio\Sliced audio\Cymatics - Time - Lead Vocal Wet - 160 BPM B Min - Part_2.wav"
(warn) 14-Nov-2021 19:56:37 => Failed to play "C:\Users\Vivo Jay\Documents\Image-Line\FL Studio\Audio\Sliced audio\Cymatics - Time - Lead Vocal Wet - 160 BPM B Min_2.wav"
(warn) 14-Nov-2021 19:56:51 => Failed to play "C:\Users\Vivo Jay\Documents\Image-Line\FL Studio\Audio\Sliced audio\Delta_2.wav"
(warn) 14-Nov-2021 19:56:58 => Failed to play "C:\Users\Vivo Jay\Documents\Image-Line\FL Studio\Audio\Sliced audio\DirtySine_2.wav"
(warn) 14-Nov-2021 19:56:59 => Failed to play "C:\Users\Vivo Jay\Documents\Image-Line\FL Studio\Audio\Sliced audio\dodo.wav"
(warn) 14-Nov-2021 19:57:00 => Failed to play "C:\Users\Vivo Jay\Documents\Image-Line\FL Studio\Audio\Sliced audio\DP 01_2 - 2021-Mar-15_2.wav"
(warn) 14-Nov-2021 19:57:07 => Failed to play "C:\Users\Vivo Jay\Documents\Image-Line\FL Studio\Audio\Sliced audio\DP 01_2 - 2021-Mar-15_2.wav"
(warn) 14-Nov-2021 19:57:42 => Failed to play "C:\Users\Vivo Jay\Documents\Image-Line\FL Studio\Audio\Sliced audio\Fill 01 (Blue Train - Tegami)_2.wav"
(warn) 14-Nov-2021 19:57:44 => Failed to play "C:\Users\Vivo Jay\Documents\Image-Line\FL Studio\Audio\Sliced audio\Fill 01 (Blue Train - Tegami)_3.wav"
(warn) 14-Nov-2021 19:57:45 => Failed to play "C:\Users\Vivo Jay\Documents\Image-Line\FL Studio\Audio\Sliced audio\Freddie Gibbs, Rico Nasty, Doja Cat - The Cave Clap_2.wav"
(warn) 14-Nov-2021 19:58:10 => Failed to play "C:\Users\Vivo Jay\Documents\Image-Line\FL Studio\Audio\Sliced audio\Give in Kick_2.wav"
(warn) 14-Nov-2021 19:58:11 => Failed to play "C:\Users\Vivo Jay\Documents\Image-Line\FL Studio\Audio\Sliced audio\Give in Kick_3.wav"
(warn) 14-Nov-2021 19:58:33 => Failed to play "C:\Users\Vivo Jay\Documents\Image-Line\FL Studio\Audio\Sliced audio\Give in Kick_3.wav"
(warn) 14-Nov-2021 19:58:40 => Failed to play "C:\Users\Vivo Jay\Documents\Image-Line\FL Studio\Audio\Sliced audio\Give in Kick_3.wav"
(warn) 15-Nov-2021 19:47:01 => Nothing to pause/unpause
(warn) 15-Nov-2021 19:47:02 => Nothing to pause/unpause
(warn) 15-Nov-2021 20:29:26 => Nothing to pause/unpause
(warn) 16-Nov-2021 00:23:02 => Nothing to pause/unpause
(warn) 16-Nov-2021 00:23:03 => Nothing to pause/unpause
(warn) 16-Nov-2021 00:31:29 => Nothing to pause/unpause
(warn) 16-Nov-2021 16:45:19 => Nothing to pause/unpause
(warn) 16-Nov-2021 20:23:52 => Out of range
(warn) 16-Nov-2021 22:45:08 => Out of range
(warn) 16-Nov-2021 22:45:10 => Out of range
(warn) 16-Nov-2021 22:45:12 => Out of range
(warn) 16-Nov-2021 22:50:56 => Nothing to pause/unpause
(warn) 17-Nov-2021 00:25:19 => Nothing to pause/unpause
(warn) 18-Nov-2021 15:49:52 => Nothing to pause/unpause
(warn) 18-Nov-2021 15:49:52 => Nothing to pause/unpause
(warn) 18-Nov-2021 16:09:40 => Nothing to pause/unpause
(warn) 18-Nov-2021 16:15:53 => Nothing to pause/unpause
(warn) 18-Nov-2021 16:15:54 => Nothing to pause/unpause
(warn) 18-Nov-2021 23:17:04 => Nothing to pause/unpause
(warn) 19-Nov-2021 08:03:12 => Failed to play "D:\OneDrive - Suncity School\My Stuff\wav_files\iamwhatiam.wav"
(warn) 19-Nov-2021 08:03:56 => Failed to play "D:\OneDrive - Suncity School\My Stuff\wav_files\Right Night Feeling.wav"
(warn) 19-Nov-2021 08:04:45 => Failed to play "C:\Users\Vivo Jay\Documents\Image-Line\FL Studio\Audio\Sliced audio\ShishaVibe_2.wav"
(warn) 19-Nov-2021 08:04:47 => Failed to play "C:\Users\Vivo Jay\Documents\Image-Line\FL Studio\Audio\Sliced audio\ShishaVibe_3.wav"
(warn) 19-Nov-2021 08:04:48 => Failed to play "C:\Users\Vivo Jay\Documents\Image-Line\FL Studio\Audio\Sliced audio\ShishaVibe_4.wav"
(warn) 19-Nov-2021 08:06:14 => Failed to play "D:\FL Utils\OC PROCESSED SAMPLES\Loops\ShishaVibe.wav"
(warn) 19-Nov-2021 08:10:04 => Failed to play "D:\FL Utils\OC PROCESSED SAMPLES\Loops\Vox.wav"
(warn) 19-Nov-2021 08:10:31 => Out of range
(warn) 19-Nov-2021 08:10:35 => Out of range
(warn) 19-Nov-2021 08:10:48 => Queueing error
(warn) 19-Nov-2021 08:11:17 => Queueing error
(warn) 19-Nov-2021 08:11:23 => Queueing error
(warn) 19-Nov-2021 08:12:39 => Queueing error
(warn) 19-Nov-2021 08:12:51 => Failed to play "D:\FL Utils\OC PROCESSED SAMPLES\Loops\hi pitch 90 BPM.wav"
(warn) 19-Nov-2021 08:15:36 => Queueing error
(warn) 19-Nov-2021 08:18:49 => Out of range
(warn) 19-Nov-2021 20:45:40 => Nothing to pause/unpause
(warn) 19-Nov-2021 21:57:09 => Nothing to pause/unpause
